Tue Nov 11 2025 17:6:40 [SERVER-NAME] warn: [42m[1mUnhandled event type: checkout.session.expired[22m[49m
Tue Nov 11 2025 17:6:40 [SERVER-NAME] warn: [42m[1mUnhandled event type: checkout.session.expired[22m[49m
Tue Nov 11 2025 17:12:2 [SERVER-NAME] warn: Process handlers should not be set up in master process
Tue Nov 11 2025 17:12:2 [SERVER-NAME] info: [32mConfig validation successful.[39m
Tue Nov 11 2025 17:12:2 [SERVER-NAME] info: [46m🚀 Database connected successfully[49m
Tue Nov 11 2025 17:12:2 [SERVER-NAME] info: [44m🚀 Agenda started successfully[49m
Tue Nov 11 2025 17:12:2 [SERVER-NAME] info: [33m♻️  Socket is listening on same port 7010[39m
Tue Nov 11 2025 17:12:2 [SERVER-NAME] info: [46m♻️  Application listening on http://10.10.7.62:7010[49m
Tue Nov 11 2025 17:12:3 [SERVER-NAME] info: [34mA user connected[39m
Tue Nov 11 2025 17:12:3 [SERVER-NAME] info: [34mA user connected[39m
Tue Nov 11 2025 17:12:3 [SERVER-NAME] info: [34mA user connected[39m
Tue Nov 11 2025 17:12:3 [SERVER-NAME] info: [34mA user connected[39m
Tue Nov 11 2025 17:12:7 [SERVER-NAME] warn: Process handlers should not be set up in master process
Tue Nov 11 2025 17:12:7 [SERVER-NAME] info: [32mConfig validation successful.[39m
Tue Nov 11 2025 17:12:7 [SERVER-NAME] info: [46m🚀 Database connected successfully[49m
Tue Nov 11 2025 17:12:9 [SERVER-NAME] warn: Process handlers should not be set up in master process
Tue Nov 11 2025 17:12:9 [SERVER-NAME] info: [32mConfig validation successful.[39m
Tue Nov 11 2025 17:12:9 [SERVER-NAME] info: [46m🚀 Database connected successfully[49m
Tue Nov 11 2025 17:12:9 [SERVER-NAME] info: [44m🚀 Agenda started successfully[49m
Tue Nov 11 2025 17:12:9 [SERVER-NAME] info: [33m♻️  Socket is listening on same port 7010[39m
Tue Nov 11 2025 17:12:9 [SERVER-NAME] info: [46m♻️  Application listening on http://10.10.7.62:7010[49m
Tue Nov 11 2025 17:12:10 [SERVER-NAME] info: [34mA user connected[39m
Tue Nov 11 2025 17:12:10 [SERVER-NAME] info: [34mA user connected[39m
Tue Nov 11 2025 17:12:10 [SERVER-NAME] info: [34mA user connected[39m
Tue Nov 11 2025 17:12:10 [SERVER-NAME] info: [34mA user connected[39m
Tue Nov 11 2025 17:12:11 [SERVER-NAME] warn: Process handlers should not be set up in master process
Tue Nov 11 2025 17:12:11 [SERVER-NAME] info: [32mConfig validation successful.[39m
Tue Nov 11 2025 17:12:11 [SERVER-NAME] info: [46m🚀 Database connected successfully[49m
Tue Nov 11 2025 17:12:12 [SERVER-NAME] info: [44m🚀 Agenda started successfully[49m
Tue Nov 11 2025 17:12:12 [SERVER-NAME] info: [33m♻️  Socket is listening on same port 7010[39m
Tue Nov 11 2025 17:12:12 [SERVER-NAME] info: [46m♻️  Application listening on http://10.10.7.62:7010[49m
Tue Nov 11 2025 17:12:12 [SERVER-NAME] info: [34mA user connected[39m
Tue Nov 11 2025 17:12:12 [SERVER-NAME] info: [34mA user connected[39m
Tue Nov 11 2025 17:12:12 [SERVER-NAME] info: [34mA user connected[39m
Tue Nov 11 2025 17:12:12 [SERVER-NAME] info: [34mA user connected[39m
Tue Nov 11 2025 17:12:14 [SERVER-NAME] warn: Process handlers should not be set up in master process
Tue Nov 11 2025 17:12:14 [SERVER-NAME] info: [32mConfig validation successful.[39m
Tue Nov 11 2025 17:12:14 [SERVER-NAME] info: [46m🚀 Database connected successfully[49m
Tue Nov 11 2025 17:12:14 [SERVER-NAME] info: [44m🚀 Agenda started successfully[49m
Tue Nov 11 2025 17:12:14 [SERVER-NAME] info: [33m♻️  Socket is listening on same port 7010[39m
Tue Nov 11 2025 17:12:14 [SERVER-NAME] info: [46m♻️  Application listening on http://10.10.7.62:7010[49m
Tue Nov 11 2025 17:12:14 [SERVER-NAME] info: [34mA user connected[39m
Tue Nov 11 2025 17:12:14 [SERVER-NAME] info: [34mA user connected[39m
Tue Nov 11 2025 17:12:14 [SERVER-NAME] info: [34mA user connected[39m
Tue Nov 11 2025 17:12:14 [SERVER-NAME] info: [34mA user connected[39m
Tue Nov 11 2025 17:12:16 [SERVER-NAME] info: 10.10.7.62 - GET /api/v1/orders/admin-seller-order-transaction 200 - 67.899 ms
Tue Nov 11 2025 17:12:20 [SERVER-NAME] info: 10.10.7.62 - GET /api/v1/orders/admin-seller-order-transaction 200 - 10.659 ms
Tue Nov 11 2025 17:12:46 [SERVER-NAME] warn: Process handlers should not be set up in master process
Tue Nov 11 2025 17:12:46 [SERVER-NAME] info: [32mConfig validation successful.[39m
Tue Nov 11 2025 17:12:46 [SERVER-NAME] info: [46m🚀 Database connected successfully[49m
Tue Nov 11 2025 17:12:47 [SERVER-NAME] info: [44m🚀 Agenda started successfully[49m
Tue Nov 11 2025 17:12:47 [SERVER-NAME] info: [33m♻️  Socket is listening on same port 7010[39m
Tue Nov 11 2025 17:12:47 [SERVER-NAME] info: [46m♻️  Application listening on http://10.10.7.62:7010[49m
Tue Nov 11 2025 17:12:47 [SERVER-NAME] info: [34mA user connected[39m
Tue Nov 11 2025 17:12:47 [SERVER-NAME] info: [34mA user connected[39m
Tue Nov 11 2025 17:12:47 [SERVER-NAME] info: [34mA user connected[39m
Tue Nov 11 2025 17:12:47 [SERVER-NAME] info: [34mA user connected[39m
Tue Nov 11 2025 17:12:48 [SERVER-NAME] info: 10.10.7.62 - GET /api/v1/orders/admin-seller-order-transaction 200 - 35.761 ms
Tue Nov 11 2025 17:12:57 [SERVER-NAME] warn: Process handlers should not be set up in master process
Tue Nov 11 2025 17:12:57 [SERVER-NAME] info: [32mConfig validation successful.[39m
Tue Nov 11 2025 17:12:57 [SERVER-NAME] info: [46m🚀 Database connected successfully[49m
Tue Nov 11 2025 17:12:57 [SERVER-NAME] info: [44m🚀 Agenda started successfully[49m
Tue Nov 11 2025 17:12:57 [SERVER-NAME] info: [33m♻️  Socket is listening on same port 7010[39m
Tue Nov 11 2025 17:12:57 [SERVER-NAME] info: [46m♻️  Application listening on http://10.10.7.62:7010[49m
Tue Nov 11 2025 17:12:57 [SERVER-NAME] info: [34mA user connected[39m
Tue Nov 11 2025 17:12:57 [SERVER-NAME] info: [34mA user connected[39m
Tue Nov 11 2025 17:12:57 [SERVER-NAME] info: [34mA user connected[39m
Tue Nov 11 2025 17:12:57 [SERVER-NAME] info: [34mA user connected[39m
Tue Nov 11 2025 17:13:1 [SERVER-NAME] warn: Process handlers should not be set up in master process
Tue Nov 11 2025 17:13:1 [SERVER-NAME] info: [32mConfig validation successful.[39m
Tue Nov 11 2025 17:13:1 [SERVER-NAME] info: [46m🚀 Database connected successfully[49m
Tue Nov 11 2025 17:13:1 [SERVER-NAME] info: [44m🚀 Agenda started successfully[49m
Tue Nov 11 2025 17:13:1 [SERVER-NAME] info: [33m♻️  Socket is listening on same port 7010[39m
Tue Nov 11 2025 17:13:1 [SERVER-NAME] info: [46m♻️  Application listening on http://10.10.7.62:7010[49m
Tue Nov 11 2025 17:13:1 [SERVER-NAME] info: [34mA user connected[39m
Tue Nov 11 2025 17:13:1 [SERVER-NAME] info: [34mA user connected[39m
Tue Nov 11 2025 17:13:1 [SERVER-NAME] info: [34mA user connected[39m
Tue Nov 11 2025 17:13:1 [SERVER-NAME] info: [34mA user connected[39m
Tue Nov 11 2025 17:13:3 [SERVER-NAME] info: 10.10.7.62 - GET /api/v1/orders/admin-seller-order-transaction 200 - 34.599 ms
Tue Nov 11 2025 17:13:15 [SERVER-NAME] warn: Process handlers should not be set up in master process
Tue Nov 11 2025 17:13:15 [SERVER-NAME] info: [32mConfig validation successful.[39m
Tue Nov 11 2025 17:13:15 [SERVER-NAME] info: [46m🚀 Database connected successfully[49m
Tue Nov 11 2025 17:13:15 [SERVER-NAME] info: [44m🚀 Agenda started successfully[49m
Tue Nov 11 2025 17:13:15 [SERVER-NAME] info: [33m♻️  Socket is listening on same port 7010[39m
Tue Nov 11 2025 17:13:15 [SERVER-NAME] info: [46m♻️  Application listening on http://10.10.7.62:7010[49m
Tue Nov 11 2025 17:13:15 [SERVER-NAME] info: [34mA user connected[39m
Tue Nov 11 2025 17:13:15 [SERVER-NAME] info: [34mA user connected[39m
Tue Nov 11 2025 17:13:15 [SERVER-NAME] info: [34mA user connected[39m
Tue Nov 11 2025 17:13:15 [SERVER-NAME] info: [34mA user connected[39m
Tue Nov 11 2025 17:13:16 [SERVER-NAME] info: 10.10.7.62 - GET /api/v1/orders/admin-seller-order-transaction 200 - 41.127 ms
Tue Nov 11 2025 17:13:25 [SERVER-NAME] warn: Process handlers should not be set up in master process
Tue Nov 11 2025 17:13:25 [SERVER-NAME] info: [32mConfig validation successful.[39m
Tue Nov 11 2025 17:13:25 [SERVER-NAME] info: [46m🚀 Database connected successfully[49m
Tue Nov 11 2025 17:13:25 [SERVER-NAME] info: [44m🚀 Agenda started successfully[49m
Tue Nov 11 2025 17:13:25 [SERVER-NAME] info: [33m♻️  Socket is listening on same port 7010[39m
Tue Nov 11 2025 17:13:25 [SERVER-NAME] info: [46m♻️  Application listening on http://10.10.7.62:7010[49m
Tue Nov 11 2025 17:13:25 [SERVER-NAME] info: [34mA user connected[39m
Tue Nov 11 2025 17:13:25 [SERVER-NAME] info: [34mA user connected[39m
Tue Nov 11 2025 17:13:25 [SERVER-NAME] info: [34mA user connected[39m
Tue Nov 11 2025 17:13:25 [SERVER-NAME] info: [34mA user connected[39m
Tue Nov 11 2025 17:13:30 [SERVER-NAME] warn: Process handlers should not be set up in master process
Tue Nov 11 2025 17:13:30 [SERVER-NAME] info: [32mConfig validation successful.[39m
Tue Nov 11 2025 17:13:30 [SERVER-NAME] info: [46m🚀 Database connected successfully[49m
Tue Nov 11 2025 17:13:30 [SERVER-NAME] info: [44m🚀 Agenda started successfully[49m
Tue Nov 11 2025 17:13:30 [SERVER-NAME] info: [33m♻️  Socket is listening on same port 7010[39m
Tue Nov 11 2025 17:13:30 [SERVER-NAME] info: [46m♻️  Application listening on http://10.10.7.62:7010[49m
Tue Nov 11 2025 17:13:30 [SERVER-NAME] info: [34mA user connected[39m
Tue Nov 11 2025 17:13:30 [SERVER-NAME] info: [34mA user connected[39m
Tue Nov 11 2025 17:13:30 [SERVER-NAME] info: [34mA user connected[39m
Tue Nov 11 2025 17:13:30 [SERVER-NAME] info: [34mA user connected[39m
Tue Nov 11 2025 17:13:30 [SERVER-NAME] info: 10.10.7.62 - GET /api/v1/orders/admin-seller-order-transaction 200 - 54.890 ms
Tue Nov 11 2025 17:13:35 [SERVER-NAME] info: 10.10.7.62 - GET /api/v1/orders/admin-seller-order-transaction 200 - 10.211 ms
Tue Nov 11 2025 17:13:55 [SERVER-NAME] warn: Process handlers should not be set up in master process
Tue Nov 11 2025 17:13:55 [SERVER-NAME] info: [32mConfig validation successful.[39m
Tue Nov 11 2025 17:13:55 [SERVER-NAME] info: [46m🚀 Database connected successfully[49m
Tue Nov 11 2025 17:13:55 [SERVER-NAME] info: [44m🚀 Agenda started successfully[49m
Tue Nov 11 2025 17:13:55 [SERVER-NAME] info: [33m♻️  Socket is listening on same port 7010[39m
Tue Nov 11 2025 17:13:55 [SERVER-NAME] info: [46m♻️  Application listening on http://10.10.7.62:7010[49m
Tue Nov 11 2025 17:13:56 [SERVER-NAME] info: [34mA user connected[39m
Tue Nov 11 2025 17:13:56 [SERVER-NAME] info: [34mA user connected[39m
Tue Nov 11 2025 17:13:56 [SERVER-NAME] info: [34mA user connected[39m
Tue Nov 11 2025 17:13:56 [SERVER-NAME] info: [34mA user connected[39m
Tue Nov 11 2025 17:14:2 [SERVER-NAME] warn: Process handlers should not be set up in master process
Tue Nov 11 2025 17:14:2 [SERVER-NAME] info: [32mConfig validation successful.[39m
Tue Nov 11 2025 17:14:2 [SERVER-NAME] info: [46m🚀 Database connected successfully[49m
Tue Nov 11 2025 17:14:2 [SERVER-NAME] info: [44m🚀 Agenda started successfully[49m
Tue Nov 11 2025 17:14:2 [SERVER-NAME] info: [33m♻️  Socket is listening on same port 7010[39m
Tue Nov 11 2025 17:14:2 [SERVER-NAME] info: [46m♻️  Application listening on http://10.10.7.62:7010[49m
Tue Nov 11 2025 17:14:3 [SERVER-NAME] info: [34mA user connected[39m
Tue Nov 11 2025 17:14:3 [SERVER-NAME] info: [34mA user connected[39m
Tue Nov 11 2025 17:14:3 [SERVER-NAME] info: [34mA user connected[39m
Tue Nov 11 2025 17:14:3 [SERVER-NAME] info: [34mA user connected[39m
Tue Nov 11 2025 17:14:50 [SERVER-NAME] warn: Process handlers should not be set up in master process
Tue Nov 11 2025 17:14:50 [SERVER-NAME] info: [32mConfig validation successful.[39m
Tue Nov 11 2025 17:14:50 [SERVER-NAME] info: [46m🚀 Database connected successfully[49m
Tue Nov 11 2025 17:14:50 [SERVER-NAME] info: [44m🚀 Agenda started successfully[49m
Tue Nov 11 2025 17:14:50 [SERVER-NAME] info: [33m♻️  Socket is listening on same port 7010[39m
Tue Nov 11 2025 17:14:50 [SERVER-NAME] info: [46m♻️  Application listening on http://10.10.7.62:7010[49m
Tue Nov 11 2025 17:14:50 [SERVER-NAME] info: [34mA user connected[39m
Tue Nov 11 2025 17:14:50 [SERVER-NAME] info: [34mA user connected[39m
Tue Nov 11 2025 17:14:50 [SERVER-NAME] info: [34mA user connected[39m
Tue Nov 11 2025 17:14:50 [SERVER-NAME] info: [34mA user connected[39m
Tue Nov 11 2025 17:14:50 [SERVER-NAME] info: 10.10.7.62 - GET /api/v1/orders/admin-seller-order-transaction 200 - 43.406 ms
Tue Nov 11 2025 17:16:50 [SERVER-NAME] warn: Process handlers should not be set up in master process
Tue Nov 11 2025 17:16:50 [SERVER-NAME] info: [32mConfig validation successful.[39m
Tue Nov 11 2025 17:16:50 [SERVER-NAME] info: [46m🚀 Database connected successfully[49m
Tue Nov 11 2025 17:16:50 [SERVER-NAME] info: [44m🚀 Agenda started successfully[49m
Tue Nov 11 2025 17:16:50 [SERVER-NAME] info: [33m♻️  Socket is listening on same port 7010[39m
Tue Nov 11 2025 17:16:50 [SERVER-NAME] info: [46m♻️  Application listening on http://10.10.7.62:7010[49m
Tue Nov 11 2025 17:16:50 [SERVER-NAME] info: [34mA user connected[39m
Tue Nov 11 2025 17:16:50 [SERVER-NAME] info: [34mA user connected[39m
Tue Nov 11 2025 17:16:50 [SERVER-NAME] info: [34mA user connected[39m
Tue Nov 11 2025 17:16:50 [SERVER-NAME] info: [34mA user connected[39m
Tue Nov 11 2025 17:16:53 [SERVER-NAME] warn: Process handlers should not be set up in master process
Tue Nov 11 2025 17:16:53 [SERVER-NAME] info: [32mConfig validation successful.[39m
Tue Nov 11 2025 17:16:53 [SERVER-NAME] info: [46m🚀 Database connected successfully[49m
Tue Nov 11 2025 17:16:53 [SERVER-NAME] info: [44m🚀 Agenda started successfully[49m
Tue Nov 11 2025 17:16:53 [SERVER-NAME] info: [33m♻️  Socket is listening on same port 7010[39m
Tue Nov 11 2025 17:16:53 [SERVER-NAME] info: [46m♻️  Application listening on http://10.10.7.62:7010[49m
Tue Nov 11 2025 17:16:53 [SERVER-NAME] info: [34mA user connected[39m
Tue Nov 11 2025 17:16:53 [SERVER-NAME] info: [34mA user connected[39m
Tue Nov 11 2025 17:16:53 [SERVER-NAME] info: [34mA user connected[39m
Tue Nov 11 2025 17:16:53 [SERVER-NAME] info: [34mA user connected[39m
Tue Nov 11 2025 17:18:13 [SERVER-NAME] warn: Process handlers should not be set up in master process
Tue Nov 11 2025 17:18:13 [SERVER-NAME] info: [32mConfig validation successful.[39m
Tue Nov 11 2025 17:18:13 [SERVER-NAME] info: [46m🚀 Database connected successfully[49m
Tue Nov 11 2025 17:18:13 [SERVER-NAME] info: [44m🚀 Agenda started successfully[49m
Tue Nov 11 2025 17:18:13 [SERVER-NAME] info: [33m♻️  Socket is listening on same port 7010[39m
Tue Nov 11 2025 17:18:13 [SERVER-NAME] info: [46m♻️  Application listening on http://10.10.7.62:7010[49m
Tue Nov 11 2025 17:18:13 [SERVER-NAME] info: [34mA user connected[39m
Tue Nov 11 2025 17:18:13 [SERVER-NAME] info: [34mA user connected[39m
Tue Nov 11 2025 17:18:13 [SERVER-NAME] info: [34mA user connected[39m
Tue Nov 11 2025 17:18:13 [SERVER-NAME] info: [34mA user connected[39m
Tue Nov 11 2025 17:18:16 [SERVER-NAME] warn: Process handlers should not be set up in master process
Tue Nov 11 2025 17:18:16 [SERVER-NAME] info: [32mConfig validation successful.[39m
Tue Nov 11 2025 17:18:16 [SERVER-NAME] info: [46m🚀 Database connected successfully[49m
Tue Nov 11 2025 17:18:16 [SERVER-NAME] info: [44m🚀 Agenda started successfully[49m
Tue Nov 11 2025 17:18:16 [SERVER-NAME] info: [33m♻️  Socket is listening on same port 7010[39m
Tue Nov 11 2025 17:18:16 [SERVER-NAME] info: [46m♻️  Application listening on http://10.10.7.62:7010[49m
Tue Nov 11 2025 17:18:16 [SERVER-NAME] info: [34mA user connected[39m
Tue Nov 11 2025 17:18:16 [SERVER-NAME] info: [34mA user connected[39m
Tue Nov 11 2025 17:18:16 [SERVER-NAME] info: [34mA user connected[39m
Tue Nov 11 2025 17:18:16 [SERVER-NAME] info: [34mA user connected[39m
Tue Nov 11 2025 17:18:19 [SERVER-NAME] warn: Process handlers should not be set up in master process
Tue Nov 11 2025 17:18:19 [SERVER-NAME] info: [32mConfig validation successful.[39m
Tue Nov 11 2025 17:18:19 [SERVER-NAME] info: [46m🚀 Database connected successfully[49m
Tue Nov 11 2025 17:18:19 [SERVER-NAME] info: [44m🚀 Agenda started successfully[49m
Tue Nov 11 2025 17:18:19 [SERVER-NAME] info: [33m♻️  Socket is listening on same port 7010[39m
Tue Nov 11 2025 17:18:19 [SERVER-NAME] info: [46m♻️  Application listening on http://10.10.7.62:7010[49m
Tue Nov 11 2025 17:18:19 [SERVER-NAME] info: [34mA user connected[39m
Tue Nov 11 2025 17:18:19 [SERVER-NAME] info: [34mA user connected[39m
Tue Nov 11 2025 17:18:19 [SERVER-NAME] info: [34mA user connected[39m
Tue Nov 11 2025 17:18:19 [SERVER-NAME] info: [34mA user connected[39m
Tue Nov 11 2025 17:18:23 [SERVER-NAME] warn: Process handlers should not be set up in master process
Tue Nov 11 2025 17:18:23 [SERVER-NAME] info: [32mConfig validation successful.[39m
Tue Nov 11 2025 17:18:23 [SERVER-NAME] info: [46m🚀 Database connected successfully[49m
Tue Nov 11 2025 17:18:23 [SERVER-NAME] info: [44m🚀 Agenda started successfully[49m
Tue Nov 11 2025 17:18:23 [SERVER-NAME] info: [33m♻️  Socket is listening on same port 7010[39m
Tue Nov 11 2025 17:18:23 [SERVER-NAME] info: [46m♻️  Application listening on http://10.10.7.62:7010[49m
Tue Nov 11 2025 17:18:23 [SERVER-NAME] info: [34mA user connected[39m
Tue Nov 11 2025 17:18:23 [SERVER-NAME] info: [34mA user connected[39m
Tue Nov 11 2025 17:18:23 [SERVER-NAME] info: [34mA user connected[39m
Tue Nov 11 2025 17:18:23 [SERVER-NAME] info: [34mA user connected[39m
Tue Nov 11 2025 17:18:25 [SERVER-NAME] warn: Process handlers should not be set up in master process
Tue Nov 11 2025 17:18:25 [SERVER-NAME] info: [32mConfig validation successful.[39m
Tue Nov 11 2025 17:18:25 [SERVER-NAME] info: [46m🚀 Database connected successfully[49m
Tue Nov 11 2025 17:18:25 [SERVER-NAME] info: [44m🚀 Agenda started successfully[49m
Tue Nov 11 2025 17:18:25 [SERVER-NAME] info: [33m♻️  Socket is listening on same port 7010[39m
Tue Nov 11 2025 17:18:25 [SERVER-NAME] info: [46m♻️  Application listening on http://10.10.7.62:7010[49m
Tue Nov 11 2025 17:18:27 [SERVER-NAME] warn: Process handlers should not be set up in master process
Tue Nov 11 2025 17:18:27 [SERVER-NAME] info: [32mConfig validation successful.[39m
Tue Nov 11 2025 17:18:27 [SERVER-NAME] info: [46m🚀 Database connected successfully[49m
Tue Nov 11 2025 17:18:27 [SERVER-NAME] info: [44m🚀 Agenda started successfully[49m
Tue Nov 11 2025 17:18:27 [SERVER-NAME] info: [33m♻️  Socket is listening on same port 7010[39m
Tue Nov 11 2025 17:18:27 [SERVER-NAME] info: [46m♻️  Application listening on http://10.10.7.62:7010[49m
Tue Nov 11 2025 17:18:28 [SERVER-NAME] warn: Process handlers should not be set up in master process
Tue Nov 11 2025 17:18:28 [SERVER-NAME] info: [32mConfig validation successful.[39m
Tue Nov 11 2025 17:18:28 [SERVER-NAME] info: [46m🚀 Database connected successfully[49m
Tue Nov 11 2025 17:18:28 [SERVER-NAME] info: [44m🚀 Agenda started successfully[49m
Tue Nov 11 2025 17:18:28 [SERVER-NAME] info: [33m♻️  Socket is listening on same port 7010[39m
Tue Nov 11 2025 17:18:28 [SERVER-NAME] info: [46m♻️  Application listening on http://10.10.7.62:7010[49m
Tue Nov 11 2025 17:18:29 [SERVER-NAME] info: [34mA user connected[39m
Tue Nov 11 2025 17:18:29 [SERVER-NAME] info: [34mA user connected[39m
Tue Nov 11 2025 17:18:29 [SERVER-NAME] info: [34mA user connected[39m
Tue Nov 11 2025 17:18:29 [SERVER-NAME] info: [34mA user connected[39m
Tue Nov 11 2025 17:18:34 [SERVER-NAME] warn: Process handlers should not be set up in master process
Tue Nov 11 2025 17:18:34 [SERVER-NAME] info: [32mConfig validation successful.[39m
Tue Nov 11 2025 17:18:34 [SERVER-NAME] info: [46m🚀 Database connected successfully[49m
Tue Nov 11 2025 17:18:34 [SERVER-NAME] info: [44m🚀 Agenda started successfully[49m
Tue Nov 11 2025 17:18:34 [SERVER-NAME] info: [33m♻️  Socket is listening on same port 7010[39m
Tue Nov 11 2025 17:18:34 [SERVER-NAME] info: [46m♻️  Application listening on http://10.10.7.62:7010[49m
Tue Nov 11 2025 17:18:34 [SERVER-NAME] info: [34mA user connected[39m
Tue Nov 11 2025 17:18:34 [SERVER-NAME] info: [34mA user connected[39m
Tue Nov 11 2025 17:18:34 [SERVER-NAME] info: [34mA user connected[39m
Tue Nov 11 2025 17:18:34 [SERVER-NAME] info: [34mA user connected[39m
Tue Nov 11 2025 17:20:4 [SERVER-NAME] warn: Process handlers should not be set up in master process
Tue Nov 11 2025 17:20:4 [SERVER-NAME] info: [32mConfig validation successful.[39m
Tue Nov 11 2025 17:20:4 [SERVER-NAME] info: [46m🚀 Database connected successfully[49m
Tue Nov 11 2025 17:20:4 [SERVER-NAME] info: [44m🚀 Agenda started successfully[49m
Tue Nov 11 2025 17:20:4 [SERVER-NAME] info: [33m♻️  Socket is listening on same port 7010[39m
Tue Nov 11 2025 17:20:4 [SERVER-NAME] info: [46m♻️  Application listening on http://10.10.7.62:7010[49m
Tue Nov 11 2025 17:20:5 [SERVER-NAME] info: [34mA user connected[39m
Tue Nov 11 2025 17:20:5 [SERVER-NAME] info: [34mA user connected[39m
Tue Nov 11 2025 17:20:5 [SERVER-NAME] info: [34mA user connected[39m
Tue Nov 11 2025 17:20:5 [SERVER-NAME] info: [34mA user connected[39m
Tue Nov 11 2025 17:20:38 [SERVER-NAME] warn: Process handlers should not be set up in master process
Tue Nov 11 2025 17:20:38 [SERVER-NAME] info: [32mConfig validation successful.[39m
Tue Nov 11 2025 17:20:38 [SERVER-NAME] info: [46m🚀 Database connected successfully[49m
Tue Nov 11 2025 17:20:38 [SERVER-NAME] info: [44m🚀 Agenda started successfully[49m
Tue Nov 11 2025 17:20:38 [SERVER-NAME] info: [33m♻️  Socket is listening on same port 7010[39m
Tue Nov 11 2025 17:20:38 [SERVER-NAME] info: [46m♻️  Application listening on http://10.10.7.62:7010[49m
Tue Nov 11 2025 17:20:38 [SERVER-NAME] info: [34mA user connected[39m
Tue Nov 11 2025 17:20:38 [SERVER-NAME] info: [34mA user connected[39m
Tue Nov 11 2025 17:20:38 [SERVER-NAME] info: [34mA user connected[39m
Tue Nov 11 2025 17:20:39 [SERVER-NAME] warn: Process handlers should not be set up in master process
Tue Nov 11 2025 17:20:39 [SERVER-NAME] info: [32mConfig validation successful.[39m
Tue Nov 11 2025 17:20:39 [SERVER-NAME] info: [46m🚀 Database connected successfully[49m
Tue Nov 11 2025 17:20:39 [SERVER-NAME] info: [44m🚀 Agenda started successfully[49m
Tue Nov 11 2025 17:20:39 [SERVER-NAME] info: [33m♻️  Socket is listening on same port 7010[39m
Tue Nov 11 2025 17:20:39 [SERVER-NAME] info: [46m♻️  Application listening on http://10.10.7.62:7010[49m
Tue Nov 11 2025 17:20:40 [SERVER-NAME] info: [34mA user connected[39m
Tue Nov 11 2025 17:20:40 [SERVER-NAME] info: [34mA user connected[39m
Tue Nov 11 2025 17:20:40 [SERVER-NAME] info: [34mA user connected[39m
Tue Nov 11 2025 17:20:42 [SERVER-NAME] info: [34mA user connected[39m
Tue Nov 11 2025 17:20:48 [SERVER-NAME] warn: Process handlers should not be set up in master process
Tue Nov 11 2025 17:20:48 [SERVER-NAME] info: [32mConfig validation successful.[39m
Tue Nov 11 2025 17:20:49 [SERVER-NAME] info: [46m🚀 Database connected successfully[49m
Tue Nov 11 2025 17:20:49 [SERVER-NAME] info: [44m🚀 Agenda started successfully[49m
Tue Nov 11 2025 17:20:49 [SERVER-NAME] info: [33m♻️  Socket is listening on same port 7010[39m
Tue Nov 11 2025 17:20:49 [SERVER-NAME] info: [46m♻️  Application listening on http://10.10.7.62:7010[49m
Tue Nov 11 2025 17:20:49 [SERVER-NAME] info: [34mA user connected[39m
Tue Nov 11 2025 17:20:49 [SERVER-NAME] info: [34mA user connected[39m
Tue Nov 11 2025 17:20:49 [SERVER-NAME] info: [34mA user connected[39m
Tue Nov 11 2025 17:20:49 [SERVER-NAME] info: [34mA user connected[39m
Tue Nov 11 2025 17:21:4 [SERVER-NAME] warn: Process handlers should not be set up in master process
Tue Nov 11 2025 17:21:4 [SERVER-NAME] info: [32mConfig validation successful.[39m
Tue Nov 11 2025 17:21:4 [SERVER-NAME] info: [46m🚀 Database connected successfully[49m
Tue Nov 11 2025 17:21:4 [SERVER-NAME] info: [44m🚀 Agenda started successfully[49m
Tue Nov 11 2025 17:21:4 [SERVER-NAME] info: [33m♻️  Socket is listening on same port 7010[39m
Tue Nov 11 2025 17:21:4 [SERVER-NAME] info: [46m♻️  Application listening on http://10.10.7.62:7010[49m
Tue Nov 11 2025 17:21:4 [SERVER-NAME] info: [34mA user connected[39m
Tue Nov 11 2025 17:21:4 [SERVER-NAME] info: [34mA user connected[39m
Tue Nov 11 2025 17:21:4 [SERVER-NAME] info: [34mA user connected[39m
Tue Nov 11 2025 17:21:4 [SERVER-NAME] info: [34mA user connected[39m
Tue Nov 11 2025 17:22:9 [SERVER-NAME] warn: Process handlers should not be set up in master process
Tue Nov 11 2025 17:22:9 [SERVER-NAME] info: [32mConfig validation successful.[39m
Tue Nov 11 2025 17:22:9 [SERVER-NAME] info: [46m🚀 Database connected successfully[49m
Tue Nov 11 2025 17:22:9 [SERVER-NAME] info: [44m🚀 Agenda started successfully[49m
Tue Nov 11 2025 17:22:9 [SERVER-NAME] info: [33m♻️  Socket is listening on same port 7010[39m
Tue Nov 11 2025 17:22:9 [SERVER-NAME] info: [46m♻️  Application listening on http://10.10.7.62:7010[49m
Tue Nov 11 2025 17:22:10 [SERVER-NAME] info: [34mA user connected[39m
Tue Nov 11 2025 17:22:10 [SERVER-NAME] info: [34mA user connected[39m
Tue Nov 11 2025 17:22:10 [SERVER-NAME] info: [34mA user connected[39m
Tue Nov 11 2025 17:22:10 [SERVER-NAME] info: [34mA user connected[39m
Tue Nov 11 2025 17:22:57 [SERVER-NAME] warn: Process handlers should not be set up in master process
Tue Nov 11 2025 17:22:58 [SERVER-NAME] info: [32mConfig validation successful.[39m
Tue Nov 11 2025 17:22:58 [SERVER-NAME] info: [46m🚀 Database connected successfully[49m
Tue Nov 11 2025 17:22:58 [SERVER-NAME] info: [44m🚀 Agenda started successfully[49m
Tue Nov 11 2025 17:22:58 [SERVER-NAME] info: [33m♻️  Socket is listening on same port 7010[39m
Tue Nov 11 2025 17:22:58 [SERVER-NAME] info: [46m♻️  Application listening on http://10.10.7.62:7010[49m
Tue Nov 11 2025 17:22:59 [SERVER-NAME] info: [34mA user connected[39m
Tue Nov 11 2025 17:22:59 [SERVER-NAME] info: [34mA user connected[39m
Tue Nov 11 2025 17:22:59 [SERVER-NAME] info: [34mA user connected[39m
Tue Nov 11 2025 17:22:59 [SERVER-NAME] info: [34mA user connected[39m
Tue Nov 11 2025 17:23:4 [SERVER-NAME] warn: Process handlers should not be set up in master process
Tue Nov 11 2025 17:23:4 [SERVER-NAME] info: [32mConfig validation successful.[39m
Tue Nov 11 2025 17:23:4 [SERVER-NAME] info: [46m🚀 Database connected successfully[49m
Tue Nov 11 2025 17:23:4 [SERVER-NAME] info: [44m🚀 Agenda started successfully[49m
Tue Nov 11 2025 17:23:4 [SERVER-NAME] info: [33m♻️  Socket is listening on same port 7010[39m
Tue Nov 11 2025 17:23:4 [SERVER-NAME] info: [46m♻️  Application listening on http://10.10.7.62:7010[49m
Tue Nov 11 2025 17:23:5 [SERVER-NAME] info: [34mA user connected[39m
Tue Nov 11 2025 17:23:5 [SERVER-NAME] info: [34mA user connected[39m
Tue Nov 11 2025 17:23:5 [SERVER-NAME] info: [34mA user connected[39m
Tue Nov 11 2025 17:23:5 [SERVER-NAME] info: [34mA user connected[39m
Tue Nov 11 2025 17:23:7 [SERVER-NAME] warn: Process handlers should not be set up in master process
Tue Nov 11 2025 17:23:7 [SERVER-NAME] info: [32mConfig validation successful.[39m
Tue Nov 11 2025 17:23:8 [SERVER-NAME] info: [46m🚀 Database connected successfully[49m
Tue Nov 11 2025 17:23:8 [SERVER-NAME] info: [44m🚀 Agenda started successfully[49m
Tue Nov 11 2025 17:23:8 [SERVER-NAME] info: [33m♻️  Socket is listening on same port 7010[39m
Tue Nov 11 2025 17:23:8 [SERVER-NAME] info: [46m♻️  Application listening on http://10.10.7.62:7010[49m
Tue Nov 11 2025 17:23:8 [SERVER-NAME] info: [34mA user connected[39m
Tue Nov 11 2025 17:23:8 [SERVER-NAME] info: [34mA user connected[39m
Tue Nov 11 2025 17:23:9 [SERVER-NAME] info: [34mA user connected[39m
Tue Nov 11 2025 17:23:9 [SERVER-NAME] info: [34mA user connected[39m
Tue Nov 11 2025 17:23:21 [SERVER-NAME] warn: Process handlers should not be set up in master process
Tue Nov 11 2025 17:23:21 [SERVER-NAME] info: [32mConfig validation successful.[39m
Tue Nov 11 2025 17:23:21 [SERVER-NAME] info: [46m🚀 Database connected successfully[49m
Tue Nov 11 2025 17:23:21 [SERVER-NAME] info: [44m🚀 Agenda started successfully[49m
Tue Nov 11 2025 17:23:21 [SERVER-NAME] info: [33m♻️  Socket is listening on same port 7010[39m
Tue Nov 11 2025 17:23:21 [SERVER-NAME] info: [46m♻️  Application listening on http://10.10.7.62:7010[49m
Tue Nov 11 2025 17:23:22 [SERVER-NAME] info: [34mA user connected[39m
Tue Nov 11 2025 17:23:22 [SERVER-NAME] info: [34mA user connected[39m
Tue Nov 11 2025 17:23:22 [SERVER-NAME] info: [34mA user connected[39m
Tue Nov 11 2025 17:23:22 [SERVER-NAME] info: [34mA user connected[39m
Tue Nov 11 2025 17:23:54 [SERVER-NAME] warn: Process handlers should not be set up in master process
Tue Nov 11 2025 17:23:54 [SERVER-NAME] info: [32mConfig validation successful.[39m
Tue Nov 11 2025 17:23:54 [SERVER-NAME] info: [46m🚀 Database connected successfully[49m
Tue Nov 11 2025 17:23:54 [SERVER-NAME] info: [44m🚀 Agenda started successfully[49m
Tue Nov 11 2025 17:23:54 [SERVER-NAME] info: [33m♻️  Socket is listening on same port 7010[39m
Tue Nov 11 2025 17:23:54 [SERVER-NAME] info: [46m♻️  Application listening on http://10.10.7.62:7010[49m
Tue Nov 11 2025 17:23:54 [SERVER-NAME] info: [34mA user connected[39m
Tue Nov 11 2025 17:23:54 [SERVER-NAME] info: [34mA user connected[39m
Tue Nov 11 2025 17:23:54 [SERVER-NAME] info: [34mA user connected[39m
Tue Nov 11 2025 17:23:54 [SERVER-NAME] info: [34mA user connected[39m
Tue Nov 11 2025 17:24:50 [SERVER-NAME] warn: Process handlers should not be set up in master process
Tue Nov 11 2025 17:24:50 [SERVER-NAME] info: [32mConfig validation successful.[39m
Tue Nov 11 2025 17:24:50 [SERVER-NAME] info: [46m🚀 Database connected successfully[49m
Tue Nov 11 2025 17:24:50 [SERVER-NAME] info: [44m🚀 Agenda started successfully[49m
Tue Nov 11 2025 17:24:50 [SERVER-NAME] info: [33m♻️  Socket is listening on same port 7010[39m
Tue Nov 11 2025 17:24:50 [SERVER-NAME] info: [46m♻️  Application listening on http://10.10.7.62:7010[49m
Tue Nov 11 2025 17:24:51 [SERVER-NAME] info: [34mA user connected[39m
Tue Nov 11 2025 17:24:51 [SERVER-NAME] info: [34mA user connected[39m
Tue Nov 11 2025 17:24:51 [SERVER-NAME] info: [34mA user connected[39m
Tue Nov 11 2025 17:24:51 [SERVER-NAME] info: [34mA user connected[39m
Tue Nov 11 2025 17:24:55 [SERVER-NAME] warn: Process handlers should not be set up in master process
Tue Nov 11 2025 17:24:55 [SERVER-NAME] info: [32mConfig validation successful.[39m
Tue Nov 11 2025 17:24:55 [SERVER-NAME] info: [46m🚀 Database connected successfully[49m
Tue Nov 11 2025 17:24:55 [SERVER-NAME] info: [44m🚀 Agenda started successfully[49m
Tue Nov 11 2025 17:24:55 [SERVER-NAME] info: [33m♻️  Socket is listening on same port 7010[39m
Tue Nov 11 2025 17:24:55 [SERVER-NAME] info: [46m♻️  Application listening on http://10.10.7.62:7010[49m
Tue Nov 11 2025 17:24:55 [SERVER-NAME] info: [34mA user connected[39m
Tue Nov 11 2025 17:24:55 [SERVER-NAME] info: [34mA user connected[39m
Tue Nov 11 2025 17:24:55 [SERVER-NAME] info: [34mA user connected[39m
Tue Nov 11 2025 17:24:56 [SERVER-NAME] info: [34mA user connected[39m
Tue Nov 11 2025 17:28:13 [SERVER-NAME] info: 10.10.7.62 - GET /api/v1/orders/admin-seller-order-transaction 200 - 39.294 ms
Tue Nov 11 2025 17:28:41 [SERVER-NAME] warn: Process handlers should not be set up in master process
Tue Nov 11 2025 17:28:41 [SERVER-NAME] info: [32mConfig validation successful.[39m
Tue Nov 11 2025 17:28:41 [SERVER-NAME] info: [46m🚀 Database connected successfully[49m
Tue Nov 11 2025 17:28:41 [SERVER-NAME] info: [44m🚀 Agenda started successfully[49m
Tue Nov 11 2025 17:28:41 [SERVER-NAME] info: [33m♻️  Socket is listening on same port 7010[39m
Tue Nov 11 2025 17:28:41 [SERVER-NAME] info: [46m♻️  Application listening on http://10.10.7.62:7010[49m
Tue Nov 11 2025 17:28:42 [SERVER-NAME] info: [34mA user connected[39m
Tue Nov 11 2025 17:28:42 [SERVER-NAME] info: [34mA user connected[39m
Tue Nov 11 2025 17:28:42 [SERVER-NAME] info: [34mA user connected[39m
Tue Nov 11 2025 17:28:42 [SERVER-NAME] info: [34mA user connected[39m
Tue Nov 11 2025 17:28:53 [SERVER-NAME] info: 10.10.7.62 - GET /api/v1/orders/admin-seller-order-transaction 200 - 36.839 ms
Tue Nov 11 2025 17:31:18 [SERVER-NAME] info: 10.10.7.62 - GET /api/v1/orders/admin-seller-order-transaction 200 - 48.534 ms
Tue Nov 11 2025 17:31:19 [SERVER-NAME] info: 10.10.7.62 - GET /api/v1/orders/admin-seller-order-transaction 200 - 13.709 ms
Tue Nov 11 2025 17:31:19 [SERVER-NAME] info: 10.10.7.62 - GET /api/v1/orders/admin-seller-order-transaction 200 - 11.676 ms
Tue Nov 11 2025 17:31:22 [SERVER-NAME] info: 10.10.7.62 - GET /api/v1/orders/admin-seller-order-transaction 200 - 20.244 ms
Tue Nov 11 2025 17:32:30 [SERVER-NAME] info: 10.10.7.62 - GET /api/v1/orders/admin-seller-order-transaction 200 - 11.168 ms
Tue Nov 11 2025 17:32:41 [SERVER-NAME] warn: Process handlers should not be set up in master process
Tue Nov 11 2025 17:32:41 [SERVER-NAME] info: [32mConfig validation successful.[39m
Tue Nov 11 2025 17:32:41 [SERVER-NAME] info: [46m🚀 Database connected successfully[49m
Tue Nov 11 2025 17:32:41 [SERVER-NAME] info: [44m🚀 Agenda started successfully[49m
Tue Nov 11 2025 17:32:41 [SERVER-NAME] info: [33m♻️  Socket is listening on same port 7010[39m
Tue Nov 11 2025 17:32:41 [SERVER-NAME] info: [46m♻️  Application listening on http://10.10.7.62:7010[49m
Tue Nov 11 2025 17:32:41 [SERVER-NAME] info: 10.10.7.62 - GET /api/v1/orders/admin-seller-order-transaction 200 - 39.947 ms
Tue Nov 11 2025 17:32:42 [SERVER-NAME] info: [34mA user connected[39m
Tue Nov 11 2025 17:32:42 [SERVER-NAME] info: [34mA user connected[39m
Tue Nov 11 2025 17:32:42 [SERVER-NAME] info: [34mA user connected[39m
Tue Nov 11 2025 17:32:42 [SERVER-NAME] info: [34mA user connected[39m
Tue Nov 11 2025 17:33:14 [SERVER-NAME] warn: Process handlers should not be set up in master process
Tue Nov 11 2025 17:33:14 [SERVER-NAME] info: [32mConfig validation successful.[39m
Tue Nov 11 2025 17:33:14 [SERVER-NAME] info: [46m🚀 Database connected successfully[49m
Tue Nov 11 2025 17:33:14 [SERVER-NAME] info: [44m🚀 Agenda started successfully[49m
Tue Nov 11 2025 17:33:14 [SERVER-NAME] info: [33m♻️  Socket is listening on same port 7010[39m
Tue Nov 11 2025 17:33:14 [SERVER-NAME] info: [46m♻️  Application listening on http://10.10.7.62:7010[49m
Tue Nov 11 2025 17:33:14 [SERVER-NAME] info: [34mA user connected[39m
Tue Nov 11 2025 17:33:14 [SERVER-NAME] info: [34mA user connected[39m
Tue Nov 11 2025 17:33:15 [SERVER-NAME] info: [34mA user connected[39m
Tue Nov 11 2025 17:33:15 [SERVER-NAME] info: [34mA user connected[39m
Tue Nov 11 2025 17:33:17 [SERVER-NAME] warn: Process handlers should not be set up in master process
Tue Nov 11 2025 17:33:17 [SERVER-NAME] info: [32mConfig validation successful.[39m
Tue Nov 11 2025 17:33:17 [SERVER-NAME] info: [46m🚀 Database connected successfully[49m
Tue Nov 11 2025 17:33:17 [SERVER-NAME] info: [44m🚀 Agenda started successfully[49m
Tue Nov 11 2025 17:33:17 [SERVER-NAME] info: [33m♻️  Socket is listening on same port 7010[39m
Tue Nov 11 2025 17:33:17 [SERVER-NAME] info: [46m♻️  Application listening on http://10.10.7.62:7010[49m
Tue Nov 11 2025 17:33:18 [SERVER-NAME] info: [34mA user connected[39m
Tue Nov 11 2025 17:33:18 [SERVER-NAME] info: [34mA user connected[39m
Tue Nov 11 2025 17:33:18 [SERVER-NAME] info: [34mA user connected[39m
Tue Nov 11 2025 17:33:18 [SERVER-NAME] info: [34mA user connected[39m
Tue Nov 11 2025 17:33:19 [SERVER-NAME] info: 10.10.7.62 - GET /api/v1/orders/admin-seller-order-transaction 200 - 34.517 ms
Tue Nov 11 2025 17:33:23 [SERVER-NAME] info: 10.10.7.62 - GET /api/v1/orders/admin-seller-order-transaction 200 - 10.484 ms
Tue Nov 11 2025 17:33:24 [SERVER-NAME] info: 10.10.7.62 - GET /api/v1/orders/admin-seller-order-transaction 200 - 10.130 ms
Tue Nov 11 2025 17:33:24 [SERVER-NAME] info: 10.10.7.62 - GET /api/v1/orders/admin-seller-order-transaction 200 - 9.642 ms
Tue Nov 11 2025 17:34:47 [SERVER-NAME] warn: Process handlers should not be set up in master process
Tue Nov 11 2025 17:34:47 [SERVER-NAME] info: [32mConfig validation successful.[39m
Tue Nov 11 2025 17:34:47 [SERVER-NAME] info: [46m🚀 Database connected successfully[49m
Tue Nov 11 2025 17:34:47 [SERVER-NAME] info: [44m🚀 Agenda started successfully[49m
Tue Nov 11 2025 17:34:47 [SERVER-NAME] info: [33m♻️  Socket is listening on same port 7010[39m
Tue Nov 11 2025 17:34:47 [SERVER-NAME] info: [46m♻️  Application listening on http://10.10.7.62:7010[49m
Tue Nov 11 2025 17:34:47 [SERVER-NAME] info: [34mA user connected[39m
Tue Nov 11 2025 17:34:47 [SERVER-NAME] info: [34mA user connected[39m
Tue Nov 11 2025 17:34:47 [SERVER-NAME] info: [34mA user connected[39m
Tue Nov 11 2025 17:34:47 [SERVER-NAME] info: [34mA user connected[39m
Tue Nov 11 2025 17:34:52 [SERVER-NAME] warn: Process handlers should not be set up in master process
Tue Nov 11 2025 17:34:52 [SERVER-NAME] info: [32mConfig validation successful.[39m
Tue Nov 11 2025 17:34:52 [SERVER-NAME] info: [46m🚀 Database connected successfully[49m
Tue Nov 11 2025 17:34:52 [SERVER-NAME] info: [44m🚀 Agenda started successfully[49m
Tue Nov 11 2025 17:34:52 [SERVER-NAME] info: [33m♻️  Socket is listening on same port 7010[39m
Tue Nov 11 2025 17:34:52 [SERVER-NAME] info: [46m♻️  Application listening on http://10.10.7.62:7010[49m
Tue Nov 11 2025 17:34:53 [SERVER-NAME] info: [34mA user connected[39m
Tue Nov 11 2025 17:34:53 [SERVER-NAME] info: [34mA user connected[39m
Tue Nov 11 2025 17:34:53 [SERVER-NAME] info: [34mA user connected[39m
Tue Nov 11 2025 17:34:53 [SERVER-NAME] info: [34mA user connected[39m
Tue Nov 11 2025 17:35:29 [SERVER-NAME] warn: Process handlers should not be set up in master process
Tue Nov 11 2025 17:35:29 [SERVER-NAME] info: [32mConfig validation successful.[39m
Tue Nov 11 2025 17:35:29 [SERVER-NAME] info: [46m🚀 Database connected successfully[49m
Tue Nov 11 2025 17:35:29 [SERVER-NAME] info: [44m🚀 Agenda started successfully[49m
Tue Nov 11 2025 17:35:29 [SERVER-NAME] info: [33m♻️  Socket is listening on same port 7010[39m
Tue Nov 11 2025 17:35:29 [SERVER-NAME] info: [46m♻️  Application listening on http://10.10.7.62:7010[49m
Tue Nov 11 2025 17:35:30 [SERVER-NAME] info: [34mA user connected[39m
Tue Nov 11 2025 17:35:30 [SERVER-NAME] info: [34mA user connected[39m
Tue Nov 11 2025 17:35:30 [SERVER-NAME] info: [34mA user connected[39m
Tue Nov 11 2025 17:35:30 [SERVER-NAME] info: [34mA user connected[39m
Tue Nov 11 2025 17:35:31 [SERVER-NAME] warn: Process handlers should not be set up in master process
Tue Nov 11 2025 17:35:31 [SERVER-NAME] info: [32mConfig validation successful.[39m
Tue Nov 11 2025 17:35:31 [SERVER-NAME] info: [46m🚀 Database connected successfully[49m
Tue Nov 11 2025 17:35:31 [SERVER-NAME] info: [44m🚀 Agenda started successfully[49m
Tue Nov 11 2025 17:35:31 [SERVER-NAME] info: [33m♻️  Socket is listening on same port 7010[39m
Tue Nov 11 2025 17:35:31 [SERVER-NAME] info: [46m♻️  Application listening on http://10.10.7.62:7010[49m
Tue Nov 11 2025 17:35:32 [SERVER-NAME] info: [34mA user connected[39m
Tue Nov 11 2025 17:35:32 [SERVER-NAME] info: [34mA user connected[39m
Tue Nov 11 2025 17:35:32 [SERVER-NAME] info: [34mA user connected[39m
Tue Nov 11 2025 17:35:32 [SERVER-NAME] info: [34mA user connected[39m
Tue Nov 11 2025 17:35:33 [SERVER-NAME] info: 10.10.7.62 - GET /api/v1/orders/admin-seller-order-transaction 200 - 46.468 ms
Tue Nov 11 2025 17:46:38 [SERVER-NAME] info: 10.10.7.50 - GET /api/v1/users/profile 200 - 34.795 ms
Tue Nov 11 2025 17:46:50 [SERVER-NAME] info: 10.10.7.50 - GET /api/v1/products/ 200 - 84.069 ms
Tue Nov 11 2025 17:46:53 [SERVER-NAME] info: 10.10.7.50 - GET /api/v1/bookmarks/ 200 - 9.775 ms
Tue Nov 11 2025 17:46:56 [SERVER-NAME] info: 10.10.7.50 - GET /images/product_image_1-1762842956261.jpg 200 - 5.332 ms
Tue Nov 11 2025 17:46:56 [SERVER-NAME] info: 10.10.7.50 - GET /images/product_image_2-1762842956262.jpg 200 - 4.911 ms
Tue Nov 11 2025 17:46:56 [SERVER-NAME] info: 10.10.7.50 - GET /image/scaled_1000052761-1762843416142.jpg 200 - 2.220 ms
Tue Nov 11 2025 17:46:56 [SERVER-NAME] info: 10.10.7.50 - GET /api/v1/feedbacks/6912d94cbdf1c496cdccead8 200 - 11.329 ms
Tue Nov 11 2025 17:46:56 [SERVER-NAME] info: 10.10.7.50 - GET /image/scaled_43-1762835480653.png 200 - 2.360 ms
Tue Nov 11 2025 17:46:56 [SERVER-NAME] info: 10.10.7.50 - GET /images/scaled_43-1762843070313.png 200 - 2.303 ms
Tue Nov 11 2025 17:50:27 [SERVER-NAME] warn: Process handlers should not be set up in master process
Tue Nov 11 2025 17:50:27 [SERVER-NAME] info: [32mConfig validation successful.[39m
Tue Nov 11 2025 17:50:27 [SERVER-NAME] info: [46m🚀 Database connected successfully[49m
Tue Nov 11 2025 17:50:28 [SERVER-NAME] info: [44m🚀 Agenda started successfully[49m
Tue Nov 11 2025 17:50:28 [SERVER-NAME] info: [33m♻️  Socket is listening on same port 7010[39m
Tue Nov 11 2025 17:50:28 [SERVER-NAME] info: [46m♻️  Application listening on http://10.10.7.62:7010[49m
Tue Nov 11 2025 17:50:28 [SERVER-NAME] info: [34mA user connected[39m
Tue Nov 11 2025 17:50:28 [SERVER-NAME] info: [34mA user connected[39m
Tue Nov 11 2025 17:50:28 [SERVER-NAME] info: [34mA user connected[39m
Tue Nov 11 2025 17:50:28 [SERVER-NAME] info: [34mA user connected[39m
Tue Nov 11 2025 17:51:33 [SERVER-NAME] info: 10.10.7.50 - GET /api/v1/categories 200 - 27.076 ms
Tue Nov 11 2025 17:51:33 [SERVER-NAME] info: 10.10.7.50 - GET /api/v1/banners/ 200 - 21.267 ms
Tue Nov 11 2025 17:51:33 [SERVER-NAME] info: 10.10.7.50 - GET /api/v1/products/popular 200 - 65.806 ms
Tue Nov 11 2025 17:51:39 [SERVER-NAME] info: 10.10.7.50 - GET /images/images-(1)-1761546995746.jpeg 200 - 2.398 ms
Tue Nov 11 2025 17:51:39 [SERVER-NAME] info: 10.10.7.50 - GET /images/product_image_0-1761556498800.jpg 200 - 1.766 ms
Tue Nov 11 2025 17:51:39 [SERVER-NAME] info: 10.10.7.50 - GET /images/images-(1)-1761556656336.jpeg 200 - 0.661 ms
Tue Nov 11 2025 17:51:39 [SERVER-NAME] info: 10.10.7.50 - GET /images/product_image_0-1761559503555.jpg 200 - 0.960 ms
Tue Nov 11 2025 17:51:39 [SERVER-NAME] info: 10.10.7.50 - GET /thumbnail/hu-letter-luxurious-brand-logo-template-for-restaurant-royalty-boutique-cafe-hotel-heraldic-jewelry-fashion-and-other-vector-illustration-2g5ha87-1761383178787.jpg 200 - 0.945 ms
Tue Nov 11 2025 17:51:39 [SERVER-NAME] info: 10.10.7.50 - GET /thumbnail/downloaded-image-1761393877296.jpg 200 - 1.462 ms
Tue Nov 11 2025 17:51:39 [SERVER-NAME] info: 10.10.7.50 - GET /thumbnail/downloaded-image-1761628913478.jpg 200 - 1.919 ms
Tue Nov 11 2025 17:51:40 [SERVER-NAME] info: 10.10.7.50 - GET /api/v1/notifications/ 200 - 11.138 ms
Tue Nov 11 2025 17:51:40 [SERVER-NAME] info: 10.10.7.50 - GET /api/v1/users/profile 200 - 4.550 ms
Tue Nov 11 2025 17:51:40 [SERVER-NAME] info: 10.10.7.50 - GET /api/v1/bookmarks/ 200 - 27.415 ms
Tue Nov 11 2025 17:51:40 [SERVER-NAME] info: 10.10.7.50 - GET /api/v1/products/ 200 - 33.090 ms
Tue Nov 11 2025 17:51:40 [SERVER-NAME] info: 10.10.7.50 - GET /thumbnail/rectangle-7-1761394012970.jpg 200 - 1.873 ms
Tue Nov 11 2025 17:51:40 [SERVER-NAME] info: 10.10.7.50 - GET /thumbnail/imgi_92_photo-camera-958x575-1760619999216.png 200 - 1.420 ms
Tue Nov 11 2025 17:51:41 [SERVER-NAME] info: 10.10.7.50 - GET /images/product_image_0-1762842956259.jpg 200 - 1.561 ms
Tue Nov 11 2025 17:51:41 [SERVER-NAME] info: 10.10.7.50 - GET /images/product_image_0-1762327846122.jpg 200 - 0.927 ms
Tue Nov 11 2025 17:51:41 [SERVER-NAME] info: 10.10.7.50 - GET /images/product_image_0-1762250642119.webp 200 - 1.681 ms
Tue Nov 11 2025 17:51:41 [SERVER-NAME] info: 10.10.7.50 - GET /images/scaled_41-1762236431481.jpg 200 - 1.684 ms
Tue Nov 11 2025 17:51:41 [SERVER-NAME] info: 10.10.7.50 - GET /images/product_image_0-1761718388921.jpg 200 - 1.009 ms
Tue Nov 11 2025 17:51:41 [SERVER-NAME] info: 10.10.7.50 - GET /images/product_image_0-1761570428974.jpg 200 - 0.783 ms
Tue Nov 11 2025 17:51:41 [SERVER-NAME] info: 10.10.7.50 - GET /images/images-(1)-1761561681182.jpeg 200 - 0.599 ms
Tue Nov 11 2025 17:51:41 [SERVER-NAME] info: 10.10.7.50 - GET /images/product_image_0-1761557321110.jpg 200 - 0.668 ms
Tue Nov 11 2025 17:55:53 [SERVER-NAME] info: 10.10.7.50 - GET /api/v1/cart/me 200 - 21.360 ms
Tue Nov 11 2025 17:56:4 [SERVER-NAME] info: 10.10.7.50 - GET /api/v1/users/profile 200 - 7.561 ms
Tue Nov 11 2025 17:56:4 [SERVER-NAME] info: 10.10.7.50 - GET //image/scaled_43-1762835480653.png 200 - 1.239 ms
Tue Nov 11 2025 17:56:12 [SERVER-NAME] info: 10.10.7.50 - GET /api/v1/bookmarks/ 200 - 7.880 ms
Tue Nov 11 2025 17:56:12 [SERVER-NAME] info: 10.10.7.50 - GET /images/images-(1)-1761547067521.jpeg 200 - 1.601 ms
Tue Nov 11 2025 17:56:12 [SERVER-NAME] info: 10.10.7.50 - GET /images/product_image_0-1761555731004.jpg 200 - 1.307 ms
Tue Nov 11 2025 17:56:33 [SERVER-NAME] info: 10.10.7.50 - GET /api/v1/faqs/ 200 - 6.183 ms
Tue Nov 11 2025 17:56:46 [SERVER-NAME] info: 10.10.7.50 - GET /api/v1/products/ 200 - 24.515 ms
Tue Nov 11 2025 17:56:46 [SERVER-NAME] info: 10.10.7.50 - GET /api/v1/bookmarks/ 200 - 7.454 ms
Tue Nov 11 2025 17:56:47 [SERVER-NAME] info: 10.10.7.50 - GET /images/product_image_1-1762842956261.jpg 200 - 14.400 ms
Tue Nov 11 2025 17:56:47 [SERVER-NAME] info: 10.10.7.50 - GET /images/product_image_2-1762842956262.jpg 200 - 4.459 ms
Tue Nov 11 2025 17:56:47 [SERVER-NAME] info: 10.10.7.50 - GET /image/scaled_1000052761-1762843416142.jpg 200 - 9.903 ms
Tue Nov 11 2025 17:56:47 [SERVER-NAME] info: 10.10.7.50 - GET /api/v1/feedbacks/6912d94cbdf1c496cdccead8 200 - 20.166 ms
Tue Nov 11 2025 17:56:48 [SERVER-NAME] info: 10.10.7.50 - GET /image/scaled_43-1762835480653.png 200 - 0.719 ms
Tue Nov 11 2025 17:56:48 [SERVER-NAME] info: 10.10.7.50 - GET /images/scaled_43-1762843070313.png 200 - 1.575 ms
