Sat Nov 15 2025 19:17:57 [sandorbonilla-backend] warn: Process handlers should not be set up in master process
Sat Nov 15 2025 19:17:57 [sandorbonilla-backend] info: [32mConfig validation successful.[39m
Sat Nov 15 2025 19:17:57 [sandorbonilla-backend] info: [46m🚀 Database connected successfully[49m
Sat Nov 15 2025 19:17:57 [sandorbonilla-backend] info: [44m🚀 Agenda started successfully[49m
Sat Nov 15 2025 19:17:57 [sandorbonilla-backend] info: [46m♻️  Worker 31736 listening on http://10.10.7.62:5000[49m
Sat Nov 15 2025 19:17:57 [sandorbonilla-backend] info: [33m♻️  Socket.IO ready on worker 31736[39m
Sat Nov 15 2025 19:18:24 [sandorbonilla-backend] info: [44m[37m[39m[49m
[44m[37m============================================================[39m[49m
Sat Nov 15 2025 19:18:24 [sandorbonilla-backend] info: [44m[37m  MASTER PROCESS 26824 STARTING  [39m[49m
Sat Nov 15 2025 19:18:24 [sandorbonilla-backend] info: [44m[37m  Workers: 12 | CPUs: 12  [39m[49m
Sat Nov 15 2025 19:18:24 [sandorbonilla-backend] info: [44m[37m============================================================[39m[49m
[44m[37m[39m[49m
Sat Nov 15 2025 19:18:24 [sandorbonilla-backend] info: [36m🔧 Forking worker 1/12 (PID: 18284)[39m
Sat Nov 15 2025 19:18:24 [sandorbonilla-backend] info: [36m🔧 Forking worker 2/12 (PID: 920)[39m
Sat Nov 15 2025 19:18:24 [sandorbonilla-backend] info: [36m🔧 Forking worker 3/12 (PID: 51844)[39m
Sat Nov 15 2025 19:18:24 [sandorbonilla-backend] info: [36m🔧 Forking worker 4/12 (PID: 38484)[39m
Sat Nov 15 2025 19:18:24 [sandorbonilla-backend] info: [36m🔧 Forking worker 5/12 (PID: 29668)[39m
Sat Nov 15 2025 19:18:24 [sandorbonilla-backend] info: [36m🔧 Forking worker 6/12 (PID: 7560)[39m
Sat Nov 15 2025 19:18:24 [sandorbonilla-backend] info: [36m🔧 Forking worker 7/12 (PID: 43196)[39m
Sat Nov 15 2025 19:18:24 [sandorbonilla-backend] info: [36m🔧 Forking worker 8/12 (PID: 38028)[39m
Sat Nov 15 2025 19:18:24 [sandorbonilla-backend] info: [36m🔧 Forking worker 9/12 (PID: 50696)[39m
Sat Nov 15 2025 19:18:24 [sandorbonilla-backend] info: [36m🔧 Forking worker 10/12 (PID: 14328)[39m
Sat Nov 15 2025 19:18:24 [sandorbonilla-backend] info: [36m🔧 Forking worker 11/12 (PID: 18444)[39m
Sat Nov 15 2025 19:18:24 [sandorbonilla-backend] info: [36m🔧 Forking worker 12/12 (PID: 41620)[39m
Sat Nov 15 2025 19:18:30 [sandorbonilla-backend] info: [34mWorker 29668 initializing...[39m
Sat Nov 15 2025 19:18:30 [sandorbonilla-backend] info: [42m[37m✅ Worker 29668 Process handlers registered successfully[39m[49m
Sat Nov 15 2025 19:18:30 [sandorbonilla-backend] info: [32mConfig validation successful.[39m
Sat Nov 15 2025 19:18:30 [sandorbonilla-backend] warn: [43m[37m⚠️ Worker 29668 Warning:[39m[49m
Sat Nov 15 2025 19:18:30 [sandorbonilla-backend] info: [34mWorker 43196 initializing...[39m
Sat Nov 15 2025 19:18:30 [sandorbonilla-backend] info: [42m[37m✅ Worker 43196 Process handlers registered successfully[39m[49m
Sat Nov 15 2025 19:18:30 [sandorbonilla-backend] info: [32mConfig validation successful.[39m
Sat Nov 15 2025 19:18:30 [sandorbonilla-backend] warn: [43m[37m⚠️ Worker 43196 Warning:[39m[49m
Sat Nov 15 2025 19:18:30 [sandorbonilla-backend] info: [34mWorker 18284 initializing...[39m
Sat Nov 15 2025 19:18:30 [sandorbonilla-backend] info: [42m[37m✅ Worker 18284 Process handlers registered successfully[39m[49m
Sat Nov 15 2025 19:18:30 [sandorbonilla-backend] info: [32mConfig validation successful.[39m
Sat Nov 15 2025 19:18:30 [sandorbonilla-backend] warn: [43m[37m⚠️ Worker 18284 Warning:[39m[49m
Sat Nov 15 2025 19:18:30 [sandorbonilla-backend] info: [34mWorker 38028 initializing...[39m
Sat Nov 15 2025 19:18:30 [sandorbonilla-backend] info: [42m[37m✅ Worker 38028 Process handlers registered successfully[39m[49m
Sat Nov 15 2025 19:18:30 [sandorbonilla-backend] info: [32mConfig validation successful.[39m
Sat Nov 15 2025 19:18:30 [sandorbonilla-backend] warn: [43m[37m⚠️ Worker 38028 Warning:[39m[49m
Sat Nov 15 2025 19:18:30 [sandorbonilla-backend] info: [34mWorker 14328 initializing...[39m
Sat Nov 15 2025 19:18:30 [sandorbonilla-backend] info: [42m[37m✅ Worker 14328 Process handlers registered successfully[39m[49m
Sat Nov 15 2025 19:18:30 [sandorbonilla-backend] info: [32mConfig validation successful.[39m
Sat Nov 15 2025 19:18:30 [sandorbonilla-backend] warn: [43m[37m⚠️ Worker 14328 Warning:[39m[49m
Sat Nov 15 2025 19:18:30 [sandorbonilla-backend] info: [34mWorker 41620 initializing...[39m
Sat Nov 15 2025 19:18:30 [sandorbonilla-backend] info: [34mWorker 50696 initializing...[39m
Sat Nov 15 2025 19:18:30 [sandorbonilla-backend] info: [42m[37m✅ Worker 41620 Process handlers registered successfully[39m[49m
Sat Nov 15 2025 19:18:30 [sandorbonilla-backend] info: [42m[37m✅ Worker 50696 Process handlers registered successfully[39m[49m
Sat Nov 15 2025 19:18:30 [sandorbonilla-backend] info: [32mConfig validation successful.[39m
Sat Nov 15 2025 19:18:30 [sandorbonilla-backend] info: [34mWorker 51844 initializing...[39m
Sat Nov 15 2025 19:18:30 [sandorbonilla-backend] info: [32mConfig validation successful.[39m
Sat Nov 15 2025 19:18:30 [sandorbonilla-backend] warn: [43m[37m⚠️ Worker 41620 Warning:[39m[49m
Sat Nov 15 2025 19:18:30 [sandorbonilla-backend] info: [42m[37m✅ Worker 51844 Process handlers registered successfully[39m[49m
Sat Nov 15 2025 19:18:30 [sandorbonilla-backend] warn: [43m[37m⚠️ Worker 50696 Warning:[39m[49m
Sat Nov 15 2025 19:18:30 [sandorbonilla-backend] info: [32mConfig validation successful.[39m
Sat Nov 15 2025 19:18:30 [sandorbonilla-backend] warn: [43m[37m⚠️ Worker 51844 Warning:[39m[49m
Sat Nov 15 2025 19:18:30 [sandorbonilla-backend] info: [34mWorker 18444 initializing...[39m
Sat Nov 15 2025 19:18:30 [sandorbonilla-backend] info: [42m[37m✅ Worker 18444 Process handlers registered successfully[39m[49m
Sat Nov 15 2025 19:18:30 [sandorbonilla-backend] info: [32mConfig validation successful.[39m
Sat Nov 15 2025 19:18:30 [sandorbonilla-backend] warn: [43m[37m⚠️ Worker 18444 Warning:[39m[49m
Sat Nov 15 2025 19:18:30 [sandorbonilla-backend] info: [34mWorker 7560 initializing...[39m
Sat Nov 15 2025 19:18:30 [sandorbonilla-backend] info: [42m[37m✅ Worker 7560 Process handlers registered successfully[39m[49m
Sat Nov 15 2025 19:18:30 [sandorbonilla-backend] info: [32mConfig validation successful.[39m
Sat Nov 15 2025 19:18:30 [sandorbonilla-backend] warn: [43m[37m⚠️ Worker 7560 Warning:[39m[49m
Sat Nov 15 2025 19:18:30 [sandorbonilla-backend] info: [34mWorker 920 initializing...[39m
Sat Nov 15 2025 19:18:30 [sandorbonilla-backend] info: [42m[37m✅ Worker 920 Process handlers registered successfully[39m[49m
Sat Nov 15 2025 19:18:30 [sandorbonilla-backend] info: [32mConfig validation successful.[39m
Sat Nov 15 2025 19:18:30 [sandorbonilla-backend] warn: [43m[37m⚠️ Worker 920 Warning:[39m[49m
Sat Nov 15 2025 19:18:30 [sandorbonilla-backend] info: [34mWorker 38484 initializing...[39m
Sat Nov 15 2025 19:18:30 [sandorbonilla-backend] info: [42m[37m✅ Worker 38484 Process handlers registered successfully[39m[49m
Sat Nov 15 2025 19:18:30 [sandorbonilla-backend] info: [32mConfig validation successful.[39m
Sat Nov 15 2025 19:18:30 [sandorbonilla-backend] warn: [43m[37m⚠️ Worker 38484 Warning:[39m[49m
Sat Nov 15 2025 19:18:30 [sandorbonilla-backend] info: [46m🚀 Database connected successfully[49m
Sat Nov 15 2025 19:18:30 [sandorbonilla-backend] info: [46m🚀 Database connected successfully[49m
Sat Nov 15 2025 19:18:30 [sandorbonilla-backend] info: [46m🚀 Database connected successfully[49m
Sat Nov 15 2025 19:18:30 [sandorbonilla-backend] info: [46m🚀 Database connected successfully[49m
Sat Nov 15 2025 19:18:30 [sandorbonilla-backend] info: [46m🚀 Database connected successfully[49m
Sat Nov 15 2025 19:18:30 [sandorbonilla-backend] info: [46m🚀 Database connected successfully[49m
Sat Nov 15 2025 19:18:30 [sandorbonilla-backend] info: [44m🚀 Agenda started successfully[49m
Sat Nov 15 2025 19:18:30 [sandorbonilla-backend] info: [46m♻️  Worker 920 listening on http://10.10.7.62:5000[49m
Sat Nov 15 2025 19:18:30 [sandorbonilla-backend] info: [32m✅ Worker 920 is ready and accepting connections[39m
Sat Nov 15 2025 19:18:30 [sandorbonilla-backend] info: [46m🚀 Database connected successfully[49m
Sat Nov 15 2025 19:18:30 [sandorbonilla-backend] info: [33m♻️  Socket.IO ready on worker 920[39m
Sat Nov 15 2025 19:18:30 [sandorbonilla-backend] info: [32m✅ Worker 920 started successfully[39m
Sat Nov 15 2025 19:18:30 [sandorbonilla-backend] info: [44m🚀 Agenda started successfully[49m
Sat Nov 15 2025 19:18:30 [sandorbonilla-backend] info: [46m🚀 Database connected successfully[49m
Sat Nov 15 2025 19:18:30 [sandorbonilla-backend] info: [46m♻️  Worker 18444 listening on http://10.10.7.62:5000[49m
Sat Nov 15 2025 19:18:30 [sandorbonilla-backend] info: [33m♻️  Socket.IO ready on worker 18444[39m
Sat Nov 15 2025 19:18:30 [sandorbonilla-backend] info: [32m✅ Worker 18444 started successfully[39m
Sat Nov 15 2025 19:18:30 [sandorbonilla-backend] info: [46m🚀 Database connected successfully[49m
Sat Nov 15 2025 19:18:30 [sandorbonilla-backend] info: [32m✅ Worker 18444 is ready and accepting connections[39m
Sat Nov 15 2025 19:18:30 [sandorbonilla-backend] info: [46m🚀 Database connected successfully[49m
Sat Nov 15 2025 19:18:30 [sandorbonilla-backend] info: [46m🚀 Database connected successfully[49m
Sat Nov 15 2025 19:18:30 [sandorbonilla-backend] info: [46m🚀 Database connected successfully[49m
Sat Nov 15 2025 19:18:30 [sandorbonilla-backend] info: [44m🚀 Agenda started successfully[49m
Sat Nov 15 2025 19:18:30 [sandorbonilla-backend] info: [44m🚀 Agenda started successfully[49m
Sat Nov 15 2025 19:18:30 [sandorbonilla-backend] info: [44m🚀 Agenda started successfully[49m
Sat Nov 15 2025 19:18:30 [sandorbonilla-backend] info: [44m🚀 Agenda started successfully[49m
Sat Nov 15 2025 19:18:30 [sandorbonilla-backend] info: [46m♻️  Worker 29668 listening on http://10.10.7.62:5000[49m
Sat Nov 15 2025 19:18:30 [sandorbonilla-backend] info: [32m✅ Worker 14328 is ready and accepting connections[39m
Sat Nov 15 2025 19:18:30 [sandorbonilla-backend] info: [46m♻️  Worker 14328 listening on http://10.10.7.62:5000[49m
Sat Nov 15 2025 19:18:30 [sandorbonilla-backend] info: [46m♻️  Worker 18284 listening on http://10.10.7.62:5000[49m
Sat Nov 15 2025 19:18:30 [sandorbonilla-backend] info: [33m♻️  Socket.IO ready on worker 14328[39m
Sat Nov 15 2025 19:18:30 [sandorbonilla-backend] info: [32m✅ Worker 14328 started successfully[39m
Sat Nov 15 2025 19:18:30 [sandorbonilla-backend] info: [46m♻️  Worker 38028 listening on http://10.10.7.62:5000[49m
Sat Nov 15 2025 19:18:30 [sandorbonilla-backend] info: [32m✅ Worker 29668 is ready and accepting connections[39m
Sat Nov 15 2025 19:18:30 [sandorbonilla-backend] info: [32m✅ Worker 38028 is ready and accepting connections[39m
Sat Nov 15 2025 19:18:30 [sandorbonilla-backend] info: [33m♻️  Socket.IO ready on worker 29668[39m
Sat Nov 15 2025 19:18:30 [sandorbonilla-backend] info: [32m✅ Worker 29668 started successfully[39m
Sat Nov 15 2025 19:18:30 [sandorbonilla-backend] info: [33m♻️  Socket.IO ready on worker 38028[39m
Sat Nov 15 2025 19:18:30 [sandorbonilla-backend] info: [32m✅ Worker 38028 started successfully[39m
Sat Nov 15 2025 19:18:30 [sandorbonilla-backend] info: [32m✅ Worker 18284 is ready and accepting connections[39m
Sat Nov 15 2025 19:18:30 [sandorbonilla-backend] info: [33m♻️  Socket.IO ready on worker 18284[39m
Sat Nov 15 2025 19:18:30 [sandorbonilla-backend] info: [32m✅ Worker 18284 started successfully[39m
Sat Nov 15 2025 19:18:30 [sandorbonilla-backend] info: [44m🚀 Agenda started successfully[49m
Sat Nov 15 2025 19:18:30 [sandorbonilla-backend] info: [46m♻️  Worker 7560 listening on http://10.10.7.62:5000[49m
Sat Nov 15 2025 19:18:30 [sandorbonilla-backend] info: [32m✅ Worker 7560 is ready and accepting connections[39m
Sat Nov 15 2025 19:18:30 [sandorbonilla-backend] info: [33m♻️  Socket.IO ready on worker 7560[39m
Sat Nov 15 2025 19:18:30 [sandorbonilla-backend] info: [32m✅ Worker 7560 started successfully[39m
Sat Nov 15 2025 19:18:30 [sandorbonilla-backend] info: [44m🚀 Agenda started successfully[49m
Sat Nov 15 2025 19:18:30 [sandorbonilla-backend] info: [46m♻️  Worker 38484 listening on http://10.10.7.62:5000[49m
Sat Nov 15 2025 19:18:30 [sandorbonilla-backend] info: [44m🚀 Agenda started successfully[49m
Sat Nov 15 2025 19:18:30 [sandorbonilla-backend] info: [32m✅ Worker 38484 is ready and accepting connections[39m
Sat Nov 15 2025 19:18:30 [sandorbonilla-backend] info: [44m🚀 Agenda started successfully[49m
Sat Nov 15 2025 19:18:30 [sandorbonilla-backend] info: [46m♻️  Worker 41620 listening on http://10.10.7.62:5000[49m
Sat Nov 15 2025 19:18:30 [sandorbonilla-backend] info: [33m♻️  Socket.IO ready on worker 38484[39m
Sat Nov 15 2025 19:18:30 [sandorbonilla-backend] info: [32m✅ Worker 38484 started successfully[39m
Sat Nov 15 2025 19:18:30 [sandorbonilla-backend] info: [32m✅ Worker 41620 is ready and accepting connections[39m
Sat Nov 15 2025 19:18:30 [sandorbonilla-backend] info: [44m🚀 Agenda started successfully[49m
Sat Nov 15 2025 19:18:30 [sandorbonilla-backend] info: [33m♻️  Socket.IO ready on worker 41620[39m
Sat Nov 15 2025 19:18:30 [sandorbonilla-backend] info: [32m✅ Worker 41620 started successfully[39m
Sat Nov 15 2025 19:18:30 [sandorbonilla-backend] info: [46m♻️  Worker 51844 listening on http://10.10.7.62:5000[49m
Sat Nov 15 2025 19:18:30 [sandorbonilla-backend] info: [32m✅ Worker 51844 is ready and accepting connections[39m
Sat Nov 15 2025 19:18:30 [sandorbonilla-backend] info: [44m🚀 Agenda started successfully[49m
Sat Nov 15 2025 19:18:30 [sandorbonilla-backend] info: [46m♻️  Worker 50696 listening on http://10.10.7.62:5000[49m
Sat Nov 15 2025 19:18:30 [sandorbonilla-backend] info: [33m♻️  Socket.IO ready on worker 51844[39m
Sat Nov 15 2025 19:18:30 [sandorbonilla-backend] info: [32m✅ Worker 51844 started successfully[39m
Sat Nov 15 2025 19:18:30 [sandorbonilla-backend] info: [32m✅ Worker 50696 is ready and accepting connections[39m
Sat Nov 15 2025 19:18:30 [sandorbonilla-backend] info: [46m♻️  Worker 43196 listening on http://10.10.7.62:5000[49m
Sat Nov 15 2025 19:18:30 [sandorbonilla-backend] info: [33m♻️  Socket.IO ready on worker 50696[39m
Sat Nov 15 2025 19:18:30 [sandorbonilla-backend] info: [32m✅ Worker 50696 started successfully[39m
Sat Nov 15 2025 19:18:30 [sandorbonilla-backend] info: [32m✅ Worker 43196 is ready and accepting connections[39m
Sat Nov 15 2025 19:18:30 [sandorbonilla-backend] info: [33m♻️  Socket.IO ready on worker 43196[39m
Sat Nov 15 2025 19:18:30 [sandorbonilla-backend] info: [32m✅ Worker 43196 started successfully[39m
Sat Nov 15 2025 19:19:10 [sandorbonilla-backend] info: [43m[37m⚠️ Worker 41620 SIGINT signal received. Graceful shutdown initiated.[39m[49m
Sat Nov 15 2025 19:19:10 [sandorbonilla-backend] info: [43m[37m⚠️ Worker 18444 SIGINT signal received. Graceful shutdown initiated.[39m[49m
Sat Nov 15 2025 19:19:10 [sandorbonilla-backend] info: [43m[37m⚠️ Worker 14328 SIGINT signal received. Graceful shutdown initiated.[39m[49m
Sat Nov 15 2025 19:19:10 [sandorbonilla-backend] info: [43m[37m⚠️ Worker 50696 SIGINT signal received. Graceful shutdown initiated.[39m[49m
Sat Nov 15 2025 19:19:10 [sandorbonilla-backend] info: [43m[37m⚠️ Worker 43196 SIGINT signal received. Graceful shutdown initiated.[39m[49m
Sat Nov 15 2025 19:19:10 [sandorbonilla-backend] info: [43m[37m⚠️ Worker 29668 SIGINT signal received. Graceful shutdown initiated.[39m[49m
Sat Nov 15 2025 19:19:10 [sandorbonilla-backend] info: [43m[37m⚠️ Worker 38028 SIGINT signal received. Graceful shutdown initiated.[39m[49m
Sat Nov 15 2025 19:19:10 [sandorbonilla-backend] info: [43m[37m⚠️ Worker 38484 SIGINT signal received. Graceful shutdown initiated.[39m[49m
Sat Nov 15 2025 19:19:10 [sandorbonilla-backend] info: [43m[37m⚠️ Worker 920 SIGINT signal received. Graceful shutdown initiated.[39m[49m
Sat Nov 15 2025 19:19:10 [sandorbonilla-backend] info: [43m[37m⚠️ Worker 51844 SIGINT signal received. Graceful shutdown initiated.[39m[49m
Sat Nov 15 2025 19:19:10 [sandorbonilla-backend] info: [43m[37m⚠️ Worker 18284 SIGINT signal received. Graceful shutdown initiated.[39m[49m
Sat Nov 15 2025 19:19:10 [sandorbonilla-backend] info: [43m[30m[39m[49m
[43m[30m============================================================[39m[49m
Sat Nov 15 2025 19:19:10 [sandorbonilla-backend] info: [43m[30m  MASTER 26824 RECEIVED SIGINT - SHUTTING DOWN  [39m[49m
Sat Nov 15 2025 19:19:10 [sandorbonilla-backend] info: [43m[30m============================================================[39m[49m
[43m[30m[39m[49m
Sat Nov 15 2025 19:19:10 [sandorbonilla-backend] info: [33m📤 Sending SIGTERM to worker 18284[39m
Sat Nov 15 2025 19:19:10 [sandorbonilla-backend] info: [33m📤 Sending SIGTERM to worker 920[39m
Sat Nov 15 2025 19:19:10 [sandorbonilla-backend] info: [33m📤 Sending SIGTERM to worker 51844[39m
Sat Nov 15 2025 19:19:10 [sandorbonilla-backend] info: [33m📤 Sending SIGTERM to worker 38484[39m
Sat Nov 15 2025 19:19:10 [sandorbonilla-backend] info: [33m📤 Sending SIGTERM to worker 29668[39m
Sat Nov 15 2025 19:19:10 [sandorbonilla-backend] info: [33m📤 Sending SIGTERM to worker 7560[39m
Sat Nov 15 2025 19:19:10 [sandorbonilla-backend] info: [33m📤 Sending SIGTERM to worker 43196[39m
Sat Nov 15 2025 19:19:10 [sandorbonilla-backend] info: [33m📤 Sending SIGTERM to worker 38028[39m
Sat Nov 15 2025 19:19:10 [sandorbonilla-backend] info: [33m📤 Sending SIGTERM to worker 50696[39m
Sat Nov 15 2025 19:19:10 [sandorbonilla-backend] info: [33m📤 Sending SIGTERM to worker 14328[39m
Sat Nov 15 2025 19:19:10 [sandorbonilla-backend] info: [33m📤 Sending SIGTERM to worker 18444[39m
Sat Nov 15 2025 19:19:10 [sandorbonilla-backend] info: [33m📤 Sending SIGTERM to worker 41620[39m
