Sun Oct 26 2025 13:4:16 [SERVER-NAME] warn: [42m[1mUnhandled event type: payment_intent.succeeded[22m[49m
Sun Oct 26 2025 13:4:16 [SERVER-NAME] warn: [42m[1mUnhandled event type: charge.succeeded[22m[49m
Sun Oct 26 2025 13:4:16 [SERVER-NAME] warn: [42m[1mUnhandled event type: payment_intent.created[22m[49m
Sun Oct 26 2025 13:4:17 [SERVER-NAME] warn: [42m[1mUnhandled event type: customer.updated[22m[49m
Sun Oct 26 2025 13:4:17 [SERVER-NAME] warn: [42m[1mUnhandled event type: invoice.updated[22m[49m
Sun Oct 26 2025 13:4:17 [SERVER-NAME] warn: [42m[1mUnhandled event type: invoice.finalized[22m[49m
Sun Oct 26 2025 13:4:17 [SERVER-NAME] warn: [42m[1mUnhandled event type: invoice.paid[22m[49m
Sun Oct 26 2025 13:4:17 [SERVER-NAME] warn: [42m[1mUnhandled event type: invoice.payment_succeeded[22m[49m
Sun Oct 26 2025 13:4:29 [SERVER-NAME] warn: [42m[1mUnhandled event type: invoice_payment.paid[22m[49m
Sun Oct 26 2025 13:4:58 [SERVER-NAME] warn: [42m[1mUnhandled event type: invoice_payment.paid[22m[49m
Sun Oct 26 2025 13:6:2 [SERVER-NAME] info: 10.10.7.14 - GET /api/v1/products/get-all-for-admin 200 - 26.165 ms
Sun Oct 26 2025 13:7:26 [SERVER-NAME] info: 10.10.7.14 - GET /api/v1/products/single/68fca7c6bc488a77382dbc0c 200 - 7.123 ms
Sun Oct 26 2025 13:8:8 [SERVER-NAME] warn: [42m[1mUnhandled event type: checkout.session.expired[22m[49m
Sun Oct 26 2025 13:10:31 [SERVER-NAME] warn: [42m[1mUnhandled event type: checkout.session.expired[22m[49m
Sun Oct 26 2025 13:10:54 [SERVER-NAME] warn: [42m[1mUnhandled event type: checkout.session.expired[22m[49m
Sun Oct 26 2025 13:33:32 [SERVER-NAME] warn: [42m[1mUnhandled event type: payment_intent.succeeded[22m[49m
Sun Oct 26 2025 13:33:32 [SERVER-NAME] warn: [42m[1mUnhandled event type: charge.succeeded[22m[49m
Sun Oct 26 2025 13:33:33 [SERVER-NAME] warn: [42m[1mUnhandled event type: payment_intent.created[22m[49m
Sun Oct 26 2025 13:33:33 [SERVER-NAME] warn: [42m[1mUnhandled event type: customer.updated[22m[49m
Sun Oct 26 2025 13:33:33 [SERVER-NAME] warn: [42m[1mUnhandled event type: invoice.updated[22m[49m
Sun Oct 26 2025 13:33:34 [SERVER-NAME] warn: [42m[1mUnhandled event type: invoice.paid[22m[49m
Sun Oct 26 2025 13:33:34 [SERVER-NAME] warn: [42m[1mUnhandled event type: invoice.payment_succeeded[22m[49m
Sun Oct 26 2025 13:33:35 [SERVER-NAME] warn: [42m[1mUnhandled event type: invoice.finalized[22m[49m
Sun Oct 26 2025 13:33:48 [SERVER-NAME] warn: [42m[1mUnhandled event type: invoice_payment.paid[22m[49m
Sun Oct 26 2025 13:40:39 [SERVER-NAME] warn: [42m[1mUnhandled event type: payment_intent.succeeded[22m[49m
Sun Oct 26 2025 13:40:39 [SERVER-NAME] warn: [42m[1mUnhandled event type: charge.succeeded[22m[49m
Sun Oct 26 2025 13:40:39 [SERVER-NAME] warn: [42m[1mUnhandled event type: payment_intent.created[22m[49m
Sun Oct 26 2025 13:40:40 [SERVER-NAME] warn: [42m[1mUnhandled event type: customer.updated[22m[49m
Sun Oct 26 2025 13:40:40 [SERVER-NAME] warn: [42m[1mUnhandled event type: invoice.updated[22m[49m
Sun Oct 26 2025 13:40:40 [SERVER-NAME] warn: [42m[1mUnhandled event type: invoice.finalized[22m[49m
Sun Oct 26 2025 13:40:40 [SERVER-NAME] warn: [42m[1mUnhandled event type: invoice.paid[22m[49m
Sun Oct 26 2025 13:40:40 [SERVER-NAME] warn: [42m[1mUnhandled event type: invoice.payment_succeeded[22m[49m
Sun Oct 26 2025 13:40:47 [SERVER-NAME] warn: [42m[1mUnhandled event type: invoice_payment.paid[22m[49m
